<?xml version="1.0" encoding="UTF-8"?>
<testsuite xmlns:xsi="http://www.w3.org/2001/XMLSchema-instance" xsi:noNamespaceSchemaLocation="https://maven.apache.org/surefire/maven-surefire-plugin/xsd/surefire-test-report-3.0.xsd" version="3.0" name="com.webapplication.WebapplicationApplicationTests" time="20.666" tests="1" errors="0" skipped="0" failures="0">
  <properties>
[...]
</properties>
  <testcase name="contextLoads" classname="com.webapplication.WebapplicationApplicationTests" time="11.359">
    <system-out><![CDATA[14:59:34.173 [main] INFO org.springframework.test.context.support.AnnotationConfigContextLoaderUtils -- Could not detect default configuration classes for test class [com.webapplication.WebapplicationApplicationTests]: WebapplicationApplicationTests does not declare any static, non-private, non-final, nested classes annotated with @Configuration.
14:59:34.864 [main] INFO org.springframework.boot.test.context.SpringBootTestContextBootstrapper -- Found @SpringBootConfiguration com.webapplication.WebapplicationApplication for test class com.webapplication.WebapplicationApplicationTests
14:59:35.754 [main] INFO org.springframework.boot.devtools.restart.RestartApplicationListener -- Restart disabled due to context in which it is running

  .   ____          _            __ _ _
 /\\ / ___'_ __ _ _(_)_ __  __ _ \ \ \ \
( ( )\___ | '_ | '_| | '_ \/ _` | \ \ \ \
 \\/  ___)| |_)| | | | | || (_| |  ) ) ) )
  '  |____| .__|_| |_|_| |_\__, | / / / /
 =========|_|==============|___/=/_/_/_/
 :: Spring Boot ::                (v3.1.5)

2023-10-22T14:59:36.959+05:30  INFO 15092 --- [           main] c.w.WebapplicationApplicationTests       : Starting WebapplicationApplicationTests using Java 17.0.8.1 with PID 15092 (started by HP in C:\Users\HP\Documents\workspace-spring-tool-suite-4-4.20.0.RELEASE\webapplication)
2023-10-22T14:59:36.962+05:30  INFO 15092 --- [           main] c.w.WebapplicationApplicationTests       : No active profile set, falling back to 1 default profile: "default"
2023-10-22T14:59:42.643+05:30  INFO 15092 --- [           main] c.w.WebapplicationApplicationTests       : Started WebapplicationApplicationTests in 6.979 seconds (process running for 11.979)
]]></system-out>
  </testcase>
</testsuite>